<?xml version="1.0" encoding="UTF-8"?>
<testsuite xmlns:xsi="http://www.w3.org/2001/XMLSchema-instance" xsi:noNamespaceSchemaLocation="https://maven.apache.org/surefire/maven-surefire-plugin/xsd/surefire-test-report.xsd" name="com.moneygaming_gameaccount.runner.RegressionRunner" time="158.691" tests="1" errors="0" skipped="0" failures="0">
  <properties>
    <property name="gopherProxySet" value="false"/>
    <property name="awt.toolkit" value="sun.lwawt.macosx.LWCToolkit"/>
    <property name="java.specification.version" value="11"/>
    <property name="sun.cpu.isalist" value=""/>
    <property name="sun.jnu.encoding" value="UTF-8"/>
    <property name="java.class.path" value="/Users/ammoturi/Documents/moneygamingAutomation/target/test-classes:/Users/ammoturi/Documents/moneygamingAutomation/target/classes:/Users/ammoturi/.m2/repository/junit/junit/4.11/junit-4.11.jar:/Users/ammoturi/.m2/repository/io/cucumber/cucumber-java8/2.1.0/cucumber-java8-2.1.0.jar:/Users/ammoturi/.m2/repository/io/cucumber/cucumber-java/2.1.0/cucumber-java-2.1.0.jar:/Users/ammoturi/.m2/repository/net/jodah/typetools/0.5.0/typetools-0.5.0.jar:/Users/ammoturi/.m2/repository/io/cucumber/cucumber-junit/2.1.0/cucumber-junit-2.1.0.jar:/Users/ammoturi/.m2/repository/io/cucumber/cucumber-core/2.1.0/cucumber-core-2.1.0.jar:/Users/ammoturi/.m2/repository/info/cukes/cucumber-html/0.2.6/cucumber-html-0.2.6.jar:/Users/ammoturi/.m2/repository/io/cucumber/cucumber-jvm-deps/1.0.6/cucumber-jvm-deps-1.0.6.jar:/Users/ammoturi/.m2/repository/io/cucumber/gherkin/5.0.0/gherkin-5.0.0.jar:/Users/ammoturi/.m2/repository/io/cucumber/tag-expressions/1.0.1/tag-expressions-1.0.1.jar:/Users/ammoturi/.m2/repository/org/seleniumhq/selenium/selenium-java/3.6.0/selenium-java-3.6.0.jar:/Users/ammoturi/.m2/repository/org/seleniumhq/selenium/selenium-api/3.6.0/selenium-api-3.6.0.jar:/Users/ammoturi/.m2/repository/org/seleniumhq/selenium/selenium-chrome-driver/3.6.0/selenium-chrome-driver-3.6.0.jar:/Users/ammoturi/.m2/repository/org/seleniumhq/selenium/selenium-edge-driver/3.6.0/selenium-edge-driver-3.6.0.jar:/Users/ammoturi/.m2/repository/org/seleniumhq/selenium/selenium-firefox-driver/3.6.0/selenium-firefox-driver-3.6.0.jar:/Users/ammoturi/.m2/repository/org/seleniumhq/selenium/selenium-ie-driver/3.6.0/selenium-ie-driver-3.6.0.jar:/Users/ammoturi/.m2/repository/org/seleniumhq/selenium/selenium-opera-driver/3.6.0/selenium-opera-driver-3.6.0.jar:/Users/ammoturi/.m2/repository/org/seleniumhq/selenium/selenium-remote-driver/3.6.0/selenium-remote-driver-3.6.0.jar:/Users/ammoturi/.m2/repository/org/seleniumhq/selenium/selenium-safari-driver/3.6.0/selenium-safari-driver-3.6.0.jar:/Users/ammoturi/.m2/repository/org/seleniumhq/selenium/selenium-support/3.6.0/selenium-support-3.6.0.jar:/Users/ammoturi/.m2/repository/net/bytebuddy/byte-buddy/1.7.5/byte-buddy-1.7.5.jar:/Users/ammoturi/.m2/repository/org/apache/commons/commons-exec/1.3/commons-exec-1.3.jar:/Users/ammoturi/.m2/repository/commons-codec/commons-codec/1.10/commons-codec-1.10.jar:/Users/ammoturi/.m2/repository/commons-logging/commons-logging/1.2/commons-logging-1.2.jar:/Users/ammoturi/.m2/repository/com/google/code/gson/gson/2.8.0/gson-2.8.0.jar:/Users/ammoturi/.m2/repository/com/google/guava/guava/23.0/guava-23.0.jar:/Users/ammoturi/.m2/repository/com/google/code/findbugs/jsr305/1.3.9/jsr305-1.3.9.jar:/Users/ammoturi/.m2/repository/com/google/errorprone/error_prone_annotations/2.0.18/error_prone_annotations-2.0.18.jar:/Users/ammoturi/.m2/repository/com/google/j2objc/j2objc-annotations/1.1/j2objc-annotations-1.1.jar:/Users/ammoturi/.m2/repository/org/codehaus/mojo/animal-sniffer-annotations/1.14/animal-sniffer-annotations-1.14.jar:/Users/ammoturi/.m2/repository/org/apache/httpcomponents/httpclient/4.5.3/httpclient-4.5.3.jar:/Users/ammoturi/.m2/repository/org/apache/httpcomponents/httpcore/4.4.6/httpcore-4.4.6.jar:/Users/ammoturi/.m2/repository/net/java/dev/jna/jna/4.1.0/jna-4.1.0.jar:/Users/ammoturi/.m2/repository/net/java/dev/jna/jna-platform/4.1.0/jna-platform-4.1.0.jar:/Users/ammoturi/.m2/repository/log4j/log4j/1.2.17/log4j-1.2.17.jar:/Users/ammoturi/.m2/repository/commons-io/commons-io/2.4/commons-io-2.4.jar:/Users/ammoturi/.m2/repository/org/hamcrest/hamcrest-core/1.3/hamcrest-core-1.3.jar:"/>
    <property name="java.vm.vendor" value="JetBrains s.r.o"/>
    <property name="sun.arch.data.model" value="64"/>
    <property name="java.vendor.url" value="https://www.jetbrains.com/"/>
    <property name="user.timezone" value=""/>
    <property name="java.vm.specification.version" value="11"/>
    <property name="os.name" value="Mac OS X"/>
    <property name="sun.java.launcher" value="SUN_STANDARD"/>
    <property name="user.country" value="GB"/>
    <property name="sun.boot.library.path" value="/Applications/IntelliJ IDEA.app/Contents/jbr/Contents/Home/lib"/>
    <property name="sun.java.command" value="/Users/ammoturi/Documents/moneygamingAutomation/target/surefire/surefirebooter4207039921721400757.jar /Users/ammoturi/Documents/moneygamingAutomation/target/surefire 2021-03-25T15-14-44_385-jvmRun1 surefire2960473131342769238tmp surefire_06171484140645223307tmp"/>
    <property name="jdk.debug" value="release"/>
    <property name="surefire.test.class.path" value="/Users/ammoturi/Documents/moneygamingAutomation/target/test-classes:/Users/ammoturi/Documents/moneygamingAutomation/target/classes:/Users/ammoturi/.m2/repository/junit/junit/4.11/junit-4.11.jar:/Users/ammoturi/.m2/repository/io/cucumber/cucumber-java8/2.1.0/cucumber-java8-2.1.0.jar:/Users/ammoturi/.m2/repository/io/cucumber/cucumber-java/2.1.0/cucumber-java-2.1.0.jar:/Users/ammoturi/.m2/repository/net/jodah/typetools/0.5.0/typetools-0.5.0.jar:/Users/ammoturi/.m2/repository/io/cucumber/cucumber-junit/2.1.0/cucumber-junit-2.1.0.jar:/Users/ammoturi/.m2/repository/io/cucumber/cucumber-core/2.1.0/cucumber-core-2.1.0.jar:/Users/ammoturi/.m2/repository/info/cukes/cucumber-html/0.2.6/cucumber-html-0.2.6.jar:/Users/ammoturi/.m2/repository/io/cucumber/cucumber-jvm-deps/1.0.6/cucumber-jvm-deps-1.0.6.jar:/Users/ammoturi/.m2/repository/io/cucumber/gherkin/5.0.0/gherkin-5.0.0.jar:/Users/ammoturi/.m2/repository/io/cucumber/tag-expressions/1.0.1/tag-expressions-1.0.1.jar:/Users/ammoturi/.m2/repository/org/seleniumhq/selenium/selenium-java/3.6.0/selenium-java-3.6.0.jar:/Users/ammoturi/.m2/repository/org/seleniumhq/selenium/selenium-api/3.6.0/selenium-api-3.6.0.jar:/Users/ammoturi/.m2/repository/org/seleniumhq/selenium/selenium-chrome-driver/3.6.0/selenium-chrome-driver-3.6.0.jar:/Users/ammoturi/.m2/repository/org/seleniumhq/selenium/selenium-edge-driver/3.6.0/selenium-edge-driver-3.6.0.jar:/Users/ammoturi/.m2/repository/org/seleniumhq/selenium/selenium-firefox-driver/3.6.0/selenium-firefox-driver-3.6.0.jar:/Users/ammoturi/.m2/repository/org/seleniumhq/selenium/selenium-ie-driver/3.6.0/selenium-ie-driver-3.6.0.jar:/Users/ammoturi/.m2/repository/org/seleniumhq/selenium/selenium-opera-driver/3.6.0/selenium-opera-driver-3.6.0.jar:/Users/ammoturi/.m2/repository/org/seleniumhq/selenium/selenium-remote-driver/3.6.0/selenium-remote-driver-3.6.0.jar:/Users/ammoturi/.m2/repository/org/seleniumhq/selenium/selenium-safari-driver/3.6.0/selenium-safari-driver-3.6.0.jar:/Users/ammoturi/.m2/repository/org/seleniumhq/selenium/selenium-support/3.6.0/selenium-support-3.6.0.jar:/Users/ammoturi/.m2/repository/net/bytebuddy/byte-buddy/1.7.5/byte-buddy-1.7.5.jar:/Users/ammoturi/.m2/repository/org/apache/commons/commons-exec/1.3/commons-exec-1.3.jar:/Users/ammoturi/.m2/repository/commons-codec/commons-codec/1.10/commons-codec-1.10.jar:/Users/ammoturi/.m2/repository/commons-logging/commons-logging/1.2/commons-logging-1.2.jar:/Users/ammoturi/.m2/repository/com/google/code/gson/gson/2.8.0/gson-2.8.0.jar:/Users/ammoturi/.m2/repository/com/google/guava/guava/23.0/guava-23.0.jar:/Users/ammoturi/.m2/repository/com/google/code/findbugs/jsr305/1.3.9/jsr305-1.3.9.jar:/Users/ammoturi/.m2/repository/com/google/errorprone/error_prone_annotations/2.0.18/error_prone_annotations-2.0.18.jar:/Users/ammoturi/.m2/repository/com/google/j2objc/j2objc-annotations/1.1/j2objc-annotations-1.1.jar:/Users/ammoturi/.m2/repository/org/codehaus/mojo/animal-sniffer-annotations/1.14/animal-sniffer-annotations-1.14.jar:/Users/ammoturi/.m2/repository/org/apache/httpcomponents/httpclient/4.5.3/httpclient-4.5.3.jar:/Users/ammoturi/.m2/repository/org/apache/httpcomponents/httpcore/4.4.6/httpcore-4.4.6.jar:/Users/ammoturi/.m2/repository/net/java/dev/jna/jna/4.1.0/jna-4.1.0.jar:/Users/ammoturi/.m2/repository/net/java/dev/jna/jna-platform/4.1.0/jna-platform-4.1.0.jar:/Users/ammoturi/.m2/repository/log4j/log4j/1.2.17/log4j-1.2.17.jar:/Users/ammoturi/.m2/repository/commons-io/commons-io/2.4/commons-io-2.4.jar:/Users/ammoturi/.m2/repository/org/hamcrest/hamcrest-core/1.3/hamcrest-core-1.3.jar:"/>
    <property name="sun.cpu.endian" value="little"/>
    <property name="user.home" value="/Users/ammoturi"/>
    <property name="user.language" value="en"/>
    <property name="java.specification.vendor" value="Oracle Corporation"/>
    <property name="java.version.date" value="2019-07-16"/>
    <property name="java.home" value="/Applications/IntelliJ IDEA.app/Contents/jbr/Contents/Home"/>
    <property name="file.separator" value="/"/>
    <property name="basedir" value="/Users/ammoturi/Documents/moneygamingAutomation"/>
    <property name="java.vm.compressedOopsMode" value="Zero based"/>
    <property name="line.separator" value="&#10;"/>
    <property name="idea.version2019.2.4" value="true"/>
    <property name="java.specification.name" value="Java Platform API Specification"/>
    <property name="java.vm.specification.vendor" value="Oracle Corporation"/>
    <property name="java.awt.graphicsenv" value="sun.awt.CGraphicsEnvironment"/>
    <property name="surefire.real.class.path" value="/Users/ammoturi/Documents/moneygamingAutomation/target/surefire/surefirebooter4207039921721400757.jar"/>
    <property name="sun.management.compiler" value="HotSpot 64-Bit Tiered Compilers"/>
    <property name="java.runtime.version" value="11.0.4+10-b304.77"/>
    <property name="user.name" value="ammoturi"/>
    <property name="path.separator" value=":"/>
    <property name="os.version" value="10.15.7"/>
    <property name="java.runtime.name" value="OpenJDK Runtime Environment"/>
    <property name="file.encoding" value="UTF-8"/>
    <property name="java.vm.name" value="OpenJDK 64-Bit Server VM"/>
    <property name="localRepository" value="/Users/ammoturi/.m2/repository"/>
    <property name="java.vendor.url.bug" value="https://youtrack.jetbrains.com"/>
    <property name="java.io.tmpdir" value="/var/folders/8f/t60yt50j1kscnrk3n3tc3mhh0000gp/T/"/>
    <property name="java.version" value="11.0.4"/>
    <property name="user.dir" value="/Users/ammoturi/Documents/moneygamingAutomation"/>
    <property name="os.arch" value="x86_64"/>
    <property name="java.vm.specification.name" value="Java Virtual Machine Specification"/>
    <property name="java.awt.printerjob" value="sun.lwawt.macosx.CPrinterJob"/>
    <property name="sun.os.patch.level" value="unknown"/>
    <property name="java.library.path" value="/Users/ammoturi/Library/Java/Extensions:/Library/Java/Extensions:/Network/Library/Java/Extensions:/System/Library/Java/Extensions:/usr/lib/java:."/>
    <property name="java.vendor" value="JetBrains s.r.o"/>
    <property name="java.vm.info" value="mixed mode"/>
    <property name="java.vm.version" value="11.0.4+10-b304.77"/>
    <property name="sun.io.unicode.encoding" value="UnicodeBig"/>
    <property name="java.class.version" value="55.0"/>
  </properties>
  <testcase name="New gaming user registration" classname="Sign up new user" time="79.721"/>
</testsuite>